AppConductor/app/build/intermediates/manifest_merge_blame_file/debug/manifest-merger-blame-debug-report.txt
1<?xml version="1.0" encoding="utf-8"?>
2<manifest xmlns:android="http://schemas.android.com/apk/res/android"
3    package="com.example.appconductor"
4    android:versionCode="1"
5    android:versionName="1.0" >
6
7    <uses-sdk
8        android:minSdkVersion="16"
8-->src\main\AndroidManifest.xml
9        android:targetSdkVersion="29" />
9-->src\main\AndroidManifest.xml
10
11    <uses-permission android:name="android.permission.INTERNET" />
11-->src\main\AndroidManifest.xml:5:5-67
11-->src\main\AndroidManifest.xml:5:22-64
12    <uses-permission android:name="android.permission.ACCESS_FINE_LOCATION" />
12-->src\main\AndroidManifest.xml:6:5-79
12-->src\main\AndroidManifest.xml:6:22-76
13
14    <uses-feature android:name="android.hardware.location.gps" />
14-->src\main\AndroidManifest.xml:8:5-66
14-->src\main\AndroidManifest.xml:8:19-63
15
16    <uses-permission android:name="android.permission.ACCESS_COARSE_LOCATION" />
16-->src\main\AndroidManifest.xml:10:5-81
16-->src\main\AndroidManifest.xml:10:22-78
17    <uses-permission android:name="android.permission.FOREGROUND_SERVICE" />
17-->src\main\AndroidManifest.xml:11:5-77
17-->src\main\AndroidManifest.xml:11:22-74
18
19    <!-- Include required permissions for Google Maps API to run. -->
20    <uses-permission android:name="android.permission.ACCESS_NETWORK_STATE" />
20-->[com.google.android.gms:play-services-maps:16.0.0] AndroidManifest.xml:23:5-79
20-->[com.google.android.gms:play-services-maps:16.0.0] AndroidManifest.xml:23:22-76
21
22    <uses-feature
22-->[com.google.android.gms:play-services-maps:16.0.0] AndroidManifest.xml:26:5-28:35
23        android:glEsVersion="0x00020000"
23-->[com.google.android.gms:play-services-maps:16.0.0] AndroidManifest.xml:27:9-41
24        android:required="true" />
24-->[com.google.android.gms:play-services-maps:16.0.0] AndroidManifest.xml:28:9-32
25
26    <uses-permission android:name="android.permission.WAKE_LOCK" /> <!-- Required by older versions of Google Play services to create IID tokens -->
26-->[com.google.firebase:firebase-iid:20.0.2] AndroidManifest.xml:24:5-68
26-->[com.google.firebase:firebase-iid:20.0.2] AndroidManifest.xml:24:22-65
27    <uses-permission android:name="com.google.android.c2dm.permission.RECEIVE" />
27-->[com.google.firebase:firebase-iid:20.0.2] AndroidManifest.xml:26:5-82
27-->[com.google.firebase:firebase-iid:20.0.2] AndroidManifest.xml:26:22-79
28
29    <application
29-->src\main\AndroidManifest.xml:13:5-51:19
30        android:allowBackup="true"
30-->src\main\AndroidManifest.xml:14:9-35
31        android:appComponentFactory="androidx.core.app.CoreComponentFactory"
31-->[androidx.core:core:1.1.0] AndroidManifest.xml:24:18-86
32        android:debuggable="true"
33        android:icon="@mipmap/ic_launcher"
33-->src\main\AndroidManifest.xml:15:9-43
34        android:label="@string/app_name"
34-->src\main\AndroidManifest.xml:16:9-41
35        android:roundIcon="@mipmap/ic_launcher_round"
35-->src\main\AndroidManifest.xml:17:9-54
36        android:supportsRtl="true"
36-->src\main\AndroidManifest.xml:18:9-35
37        android:testOnly="true"
38        android:theme="@style/AppTheme"
38-->src\main\AndroidManifest.xml:19:9-40
39        android:usesCleartextTraffic="true" >
39-->src\main\AndroidManifest.xml:20:9-44
40        <activity android:name="com.example.appconductor.RutasUsuarios" />
40-->src\main\AndroidManifest.xml:21:9-60
40-->src\main\AndroidManifest.xml:21:19-48
41
42        <meta-data
42-->src\main\AndroidManifest.xml:23:9-25:71
43            android:name="com.google.android.geo.API_KEY"
43-->src\main\AndroidManifest.xml:24:13-58
44            android:value="AIzaSyApOTFfvxhFlfpbFDQDQfZxm2sN_SxG2sc" />
44-->src\main\AndroidManifest.xml:25:13-68
45
46        <uses-library
46-->src\main\AndroidManifest.xml:27:9-29:40
47            android:name="org.apache.http.legacy"
47-->src\main\AndroidManifest.xml:28:13-50
48            android:required="false" />
48-->src\main\AndroidManifest.xml:29:13-37
49
50        <activity android:name="com.example.appconductor.Solicitudes.SolicitudMapa" />
50-->src\main\AndroidManifest.xml:31:9-63
50-->src\main\AndroidManifest.xml:31:19-60
51        <activity android:name="com.example.appconductor.Solicitudes.DetalleSolicitud" />
51-->src\main\AndroidManifest.xml:32:9-66
51-->src\main\AndroidManifest.xml:32:19-63
52        <activity android:name="com.example.appconductor.EnMarcha" /> <!-- <activity android:name=".MainActivity" /> -->
52-->src\main\AndroidManifest.xml:33:9-46
52-->src\main\AndroidManifest.xml:33:19-43
53        <activity android:name="com.example.appconductor.SignUp" />
53-->src\main\AndroidManifest.xml:34:9-44
53-->src\main\AndroidManifest.xml:34:19-41
54        <activity android:name="com.example.appconductor.BottomNav" />
54-->src\main\AndroidManifest.xml:35:9-47
54-->src\main\AndroidManifest.xml:35:19-44
55        <activity android:name="com.example.appconductor.Solicitudes.Solicitud_2" />
55-->src\main\AndroidManifest.xml:36:9-61
55-->src\main\AndroidManifest.xml:36:19-58
56        <activity android:name="com.example.appconductor.MainActivity" />
56-->src\main\AndroidManifest.xml:37:9-50
56-->src\main\AndroidManifest.xml:37:19-47
57        <activity android:name="com.example.appconductor.Login" >
57-->src\main\AndroidManifest.xml:38:9-44:20
57-->src\main\AndroidManifest.xml:38:19-40
58            <intent-filter>
58-->src\main\AndroidManifest.xml:39:13-43:29
59                <action android:name="android.intent.action.MAIN" />
59-->src\main\AndroidManifest.xml:40:17-69
59-->src\main\AndroidManifest.xml:40:25-66
60
61                <category android:name="android.intent.category.LAUNCHER" />
61-->src\main\AndroidManifest.xml:42:17-77
61-->src\main\AndroidManifest.xml:42:27-74
62            </intent-filter>
63        </activity>
64
65        <service android:name="com.example.appconductor.Solicitudes.ServicioAceptacion" >
65-->src\main\AndroidManifest.xml:46:9-50:19
65-->src\main\AndroidManifest.xml:46:18-64
66            <intent-filter>
66-->src\main\AndroidManifest.xml:47:13-49:29
67                <action android:name="com.google.firebase.MESSAGING_EVENT" />
67-->src\main\AndroidManifest.xml:48:17-78
67-->src\main\AndroidManifest.xml:48:25-75
68            </intent-filter>
69        </service>
70        <!--
71             FirebaseMessagingService performs security checks at runtime,
72             but set to not exported to explicitly avoid allowing another app to call it.
73        -->
74        <service
74-->[com.google.firebase:firebase-messaging:20.1.0] AndroidManifest.xml:28:9-34:19
75            android:name="com.google.firebase.messaging.FirebaseMessagingService"
75-->[com.google.firebase:firebase-messaging:20.1.0] AndroidManifest.xml:29:13-82
76            android:exported="false" >
76-->[com.google.firebase:firebase-messaging:20.1.0] AndroidManifest.xml:30:13-37
77            <intent-filter android:priority="-500" >
77-->src\main\AndroidManifest.xml:47:13-49:29
78                <action android:name="com.google.firebase.MESSAGING_EVENT" />
78-->src\main\AndroidManifest.xml:48:17-78
78-->src\main\AndroidManifest.xml:48:25-75
79            </intent-filter>
80        </service>
81        <service
81-->[com.google.firebase:firebase-messaging:20.1.0] AndroidManifest.xml:35:9-41:19
82            android:name="com.google.firebase.components.ComponentDiscoveryService"
82-->[com.google.firebase:firebase-messaging:20.1.0] AndroidManifest.xml:36:13-84
83            android:directBootAware="true"
83-->[com.google.firebase:firebase-common:19.3.0] AndroidManifest.xml:34:13-43
84            android:exported="false" >
84-->[com.google.firebase:firebase-messaging:20.1.0] AndroidManifest.xml:37:13-37
85            <meta-data
85-->[com.google.firebase:firebase-messaging:20.1.0] AndroidManifest.xml:38:13-40:85
86                android:name="com.google.firebase.components:com.google.firebase.messaging.FirebaseMessagingRegistrar"
86-->[com.google.firebase:firebase-messaging:20.1.0] AndroidManifest.xml:39:17-119
87                android:value="com.google.firebase.components.ComponentRegistrar" />
87-->[com.google.firebase:firebase-messaging:20.1.0] AndroidManifest.xml:40:17-82
88            <meta-data
88-->[com.google.firebase:firebase-auth:19.2.0] AndroidManifest.xml:36:13-38:85
89                android:name="com.google.firebase.components:com.google.firebase.auth.FirebaseAuthRegistrar"
89-->[com.google.firebase:firebase-auth:19.2.0] AndroidManifest.xml:37:17-109
90                android:value="com.google.firebase.components.ComponentRegistrar" />
90-->[com.google.firebase:firebase-auth:19.2.0] AndroidManifest.xml:38:17-82
91            <meta-data
91-->[com.google.firebase:firebase-database:19.2.1] AndroidManifest.xml:32:13-34:85
92                android:name="com.google.firebase.components:com.google.firebase.database.DatabaseRegistrar"
92-->[com.google.firebase:firebase-database:19.2.1] AndroidManifest.xml:33:17-109
93                android:value="com.google.firebase.components.ComponentRegistrar" />
93-->[com.google.firebase:firebase-database:19.2.1] AndroidManifest.xml:34:17-82
94            <meta-data
94-->[com.google.firebase:firebase-datatransport:17.0.3] AndroidManifest.xml:28:13-30:85
95                android:name="com.google.firebase.components:com.google.firebase.datatransport.TransportRegistrar"
95-->[com.google.firebase:firebase-datatransport:17.0.3] AndroidManifest.xml:29:17-115
96                android:value="com.google.firebase.components.ComponentRegistrar" />
96-->[com.google.firebase:firebase-datatransport:17.0.3] AndroidManifest.xml:30:17-82
97            <meta-data
97-->[com.google.firebase:firebase-iid:20.0.2] AndroidManifest.xml:32:13-34:85
98                android:name="com.google.firebase.components:com.google.firebase.iid.Registrar"
98-->[com.google.firebase:firebase-iid:20.0.2] AndroidManifest.xml:33:17-96
99                android:value="com.google.firebase.components.ComponentRegistrar" />
99-->[com.google.firebase:firebase-iid:20.0.2] AndroidManifest.xml:34:17-82
100        </service>
101
102        <activity
102-->[com.google.firebase:firebase-auth:19.2.0] AndroidManifest.xml:24:9-31:50
103            android:name="com.google.firebase.auth.internal.FederatedSignInActivity"
103-->[com.google.firebase:firebase-auth:19.2.0] AndroidManifest.xml:25:13-85
104            android:excludeFromRecents="true"
104-->[com.google.firebase:firebase-auth:19.2.0] AndroidManifest.xml:26:13-46
105            android:exported="true"
105-->[com.google.firebase:firebase-auth:19.2.0] AndroidManifest.xml:27:13-36
106            android:launchMode="singleTask"
106-->[com.google.firebase:firebase-auth:19.2.0] AndroidManifest.xml:28:13-44
107            android:permission="com.google.firebase.auth.api.gms.permission.LAUNCH_FEDERATED_SIGN_IN"
107-->[com.google.firebase:firebase-auth:19.2.0] AndroidManifest.xml:29:13-102
108            android:theme="@android:style/Theme.Translucent.NoTitleBar" />
108-->[com.google.firebase:firebase-auth:19.2.0] AndroidManifest.xml:30:13-72
109
110        <receiver
110-->[com.google.firebase:firebase-iid:20.0.2] AndroidManifest.xml:37:9-44:20
111            android:name="com.google.firebase.iid.FirebaseInstanceIdReceiver"
111-->[com.google.firebase:firebase-iid:20.0.2] AndroidManifest.xml:38:13-78
112            android:exported="true"
112-->[com.google.firebase:firebase-iid:20.0.2] AndroidManifest.xml:39:13-36
113            android:permission="com.google.android.c2dm.permission.SEND" >
113-->[com.google.firebase:firebase-iid:20.0.2] AndroidManifest.xml:40:13-73
114            <intent-filter>
114-->[com.google.firebase:firebase-iid:20.0.2] AndroidManifest.xml:41:13-43:29
115                <action android:name="com.google.android.c2dm.intent.RECEIVE" />
115-->[com.google.firebase:firebase-iid:20.0.2] AndroidManifest.xml:42:17-81
115-->[com.google.firebase:firebase-iid:20.0.2] AndroidManifest.xml:42:25-78
116            </intent-filter>
117        </receiver>
118
119        <provider
119-->[com.google.firebase:firebase-common:19.3.0] AndroidManifest.xml:26:9-30:39
120            android:name="com.google.firebase.provider.FirebaseInitProvider"
120-->[com.google.firebase:firebase-common:19.3.0] AndroidManifest.xml:27:13-77
121            android:authorities="com.example.appconductor.firebaseinitprovider"
121-->[com.google.firebase:firebase-common:19.3.0] AndroidManifest.xml:28:13-72
122            android:exported="false"
122-->[com.google.firebase:firebase-common:19.3.0] AndroidManifest.xml:29:13-37
123            android:initOrder="100" />
123-->[com.google.firebase:firebase-common:19.3.0] AndroidManifest.xml:30:13-36
124
125        <activity
125-->[com.google.android.gms:play-services-base:17.1.0] AndroidManifest.xml:23:9-26:75
126            android:name="com.google.android.gms.common.api.GoogleApiActivity"
126-->[com.google.android.gms:play-services-base:17.1.0] AndroidManifest.xml:24:13-79
127            android:exported="false"
127-->[com.google.android.gms:play-services-base:17.1.0] AndroidManifest.xml:25:13-37
128            android:theme="@android:style/Theme.Translucent.NoTitleBar" />
128-->[com.google.android.gms:play-services-base:17.1.0] AndroidManifest.xml:26:13-72
129
130        <meta-data
130-->[com.google.android.gms:play-services-basement:17.0.0] AndroidManifest.xml:23:9-25:69
131            android:name="com.google.android.gms.version"
131-->[com.google.android.gms:play-services-basement:17.0.0] AndroidManifest.xml:24:13-58
132            android:value="@integer/google_play_services_version" />
132-->[com.google.android.gms:play-services-basement:17.0.0] AndroidManifest.xml:25:13-66
133
134        <service
134-->[com.google.android.datatransport:transport-backend-cct:2.2.0] AndroidManifest.xml:29:9-35:19
135            android:name="com.google.android.datatransport.runtime.backends.TransportBackendDiscovery"
135-->[com.google.android.datatransport:transport-backend-cct:2.2.0] AndroidManifest.xml:30:13-103
136            android:exported="false" >
136-->[com.google.android.datatransport:transport-backend-cct:2.2.0] AndroidManifest.xml:31:13-37
137            <meta-data
137-->[com.google.android.datatransport:transport-backend-cct:2.2.0] AndroidManifest.xml:32:13-34:39
138                android:name="backend:com.google.android.datatransport.cct.CctBackendFactory"
138-->[com.google.android.datatransport:transport-backend-cct:2.2.0] AndroidManifest.xml:33:17-94
139                android:value="cct" />
139-->[com.google.android.datatransport:transport-backend-cct:2.2.0] AndroidManifest.xml:34:17-36
140        </service>
141        <service
141-->[com.google.android.datatransport:transport-runtime:2.2.0] AndroidManifest.xml:26:9-30:19
142            android:name="com.google.android.datatransport.runtime.scheduling.jobscheduling.JobInfoSchedulerService"
142-->[com.google.android.datatransport:transport-runtime:2.2.0] AndroidManifest.xml:27:13-117
143            android:exported="false"
143-->[com.google.android.datatransport:transport-runtime:2.2.0] AndroidManifest.xml:28:13-37
144            android:permission="android.permission.BIND_JOB_SERVICE" >
144-->[com.google.android.datatransport:transport-runtime:2.2.0] AndroidManifest.xml:29:13-69
145        </service>
146
147        <receiver
147-->[com.google.android.datatransport:transport-runtime:2.2.0] AndroidManifest.xml:32:9-34:40
148            android:name="com.google.android.datatransport.runtime.scheduling.jobscheduling.AlarmManagerSchedulerBroadcastReceiver"
148-->[com.google.android.datatransport:transport-runtime:2.2.0] AndroidManifest.xml:33:13-132
149            android:exported="false" />
149-->[com.google.android.datatransport:transport-runtime:2.2.0] AndroidManifest.xml:34:13-37
150    </application>
151
152</manifest>